<?xml version="1.0" encoding="UTF-8"?>
<!-- Generated by org.testng.reporters.JUnitXMLReporter -->
<testsuite ignored="0" hostname="LAPTOP-OECO8K6N" failures="0" tests="4" name="Default test" time="0.183" errors="0" timestamp="2023-03-04T14:12:37 IST">
  <testcase classname="testClasses.Calculator_TestClass" name="@BeforeClass browserLaunch" time="-1.677919357033E9">
    <failure type="org.testng.TestNGException" message="
Parameter &amp;apos;Browser&amp;apos; is required by BeforeClass on method browserLaunch but has not been marked @Optional or defined
in C:\Users\Admin\AppData\Local\Temp\testng-eclipse-1854321024\testng-customsuite.xml">
      <![CDATA[org.testng.TestNGException: 
Parameter 'Browser' is required by BeforeClass on method browserLaunch but has not been marked @Optional or defined
in C:\Users\Admin\AppData\Local\Temp\testng-eclipse-1854321024\testng-customsuite.xml
at org.testng.internal.Parameters.createParams(Parameters.java:270)
at org.testng.internal.Parameters.createParametersForMethod(Parameters.java:358)
at org.testng.internal.Parameters.createParameters(Parameters.java:700)
at org.testng.internal.Parameters.createConfigurationParameters(Parameters.java:168)
at org.testng.internal.ConfigInvoker.invokeConfigurations(ConfigInvoker.java:302)
at org.testng.internal.TestMethodWorker.invokeBeforeClassMethods(TestMethodWorker.java:176)
at org.testng.internal.TestMethodWorker.run(TestMethodWorker.java:122)
at java.base/java.util.ArrayList.forEach(ArrayList.java:1511)
at org.testng.TestRunner.privateRun(TestRunner.java:794)
at org.testng.TestRunner.run(TestRunner.java:596)
at org.testng.SuiteRunner.runTest(SuiteRunner.java:377)
at org.testng.SuiteRunner.runSequentially(SuiteRunner.java:371)
at org.testng.SuiteRunner.privateRun(SuiteRunner.java:332)
at org.testng.SuiteRunner.run(SuiteRunner.java:276)
at org.testng.SuiteRunnerWorker.runSuite(SuiteRunnerWorker.java:53)
at org.testng.SuiteRunnerWorker.run(SuiteRunnerWorker.java:96)
at org.testng.TestNG.runSuitesSequentially(TestNG.java:1212)
at org.testng.TestNG.runSuitesLocally(TestNG.java:1134)
at org.testng.TestNG.runSuites(TestNG.java:1063)
at org.testng.TestNG.run(TestNG.java:1031)
at org.testng.remote.AbstractRemoteTestNG.run(AbstractRemoteTestNG.java:115)
at org.testng.remote.RemoteTestNG.initAndRun(RemoteTestNG.java:251)
at org.testng.remote.RemoteTestNG.main(RemoteTestNG.java:77)
]]>
    </failure>
  </testcase> <!-- @BeforeClass browserLaunch -->
  <testcase classname="testClasses.Calculator_TestClass" name="@AfterMethod clear" time="-1.677919357103E9">
    <skipped/>
  </testcase> <!-- @AfterMethod clear -->
  <testcase classname="testClasses.Calculator_TestClass" name="@AfterMethod clear" time="-1.677919357115E9">
    <skipped/>
  </testcase> <!-- @AfterMethod clear -->
  <testcase classname="testClasses.Calculator_TestClass" name="@AfterMethod clear" time="-1.677919357127E9">
    <skipped/>
  </testcase> <!-- @AfterMethod clear -->
  <testcase classname="testClasses.Calculator_TestClass" name="@AfterMethod clear" time="-1.677919357137E9">
    <skipped/>
  </testcase> <!-- @AfterMethod clear -->
  <testcase classname="testClasses.Calculator_TestClass" name="@AfterClass teardown" time="-1.677919357141E9">
    <skipped/>
  </testcase> <!-- @AfterClass teardown -->
  <testcase classname="testClasses.Calculator_TestClass" name="TC_01_Multiplication" time="0.0">
    <skipped/>
  </testcase> <!-- TC_01_Multiplication -->
  <testcase classname="testClasses.Calculator_TestClass" name="TC_02_Division" time="0.0">
    <skipped/>
  </testcase> <!-- TC_02_Division -->
  <testcase classname="testClasses.Calculator_TestClass" name="TC_03_Addition" time="0.0">
    <skipped/>
  </testcase> <!-- TC_03_Addition -->
  <testcase classname="testClasses.Calculator_TestClass" name="TC_04_Subtraction" time="0.0">
    <skipped/>
  </testcase> <!-- TC_04_Subtraction -->
</testsuite> <!-- Default test -->
