<?xml version="1.0" encoding="UTF-8"?>
<!-- Generated by org.testng.reporters.JUnitXMLReporter -->
<testsuite ignored="0" hostname="LAPTOP-OECO8K6N" failures="1" tests="8" name="Test" time="43.299" errors="0" timestamp="2023-03-01T21:14:03 IST">
  <testcase classname="testClasses.Test1" name="Tc_01" time="12.107"/>
  <testcase classname="testClasses.Test1" name="Tc_02" time="1.537"/>
  <testcase classname="testClasses.Test1" name="Tc_04" time="1.457"/>
  <testcase classname="testClasses.Test1" name="Tc_06" time="1.449"/>
  <testcase classname="testClasses.Test1" name="Tc_08" time="1.551"/>
  <testcase classname="testClasses.Test1" name="Tc_10" time="1.353"/>
  <testcase classname="testClasses.Test1" name="Tc_12" time="2.78"/>
  <testcase classname="testClasses.Test1" name="Tc_13" time="2.51">
    <failure type="java.lang.AssertionError" message="expected [56%] but found [47%]">
      <![CDATA[java.lang.AssertionError: expected [56%] but found [47%]
at testClasses.Test1.Tc_13(Test1.java:85)
at java.base/java.util.ArrayList.forEach(ArrayList.java:1511)
... Removed 33 stack frames]]>
    </failure>
  </testcase> <!-- Tc_13 -->
</testsuite> <!-- Test -->
