<?xml version="1.0" encoding="UTF-8"?>
<!-- Generated by org.testng.reporters.JUnitXMLReporter -->
<testsuite ignored="0" hostname="LAPTOP-OECO8K6N" failures="2" tests="4" name="Test" time="15.752" errors="0" timestamp="2023-03-05T12:45:27 IST">
  <testcase classname="testClasses.Calculator_TestClass" name="TC_01_Multiplication" time="0.36"/>
  <testcase classname="testClasses.Calculator_TestClass" name="TC_02_Division" time="0.314">
    <failure type="java.lang.AssertionError" message="expected [ 200] but found [ 20]">
      <![CDATA[java.lang.AssertionError: expected [ 200] but found [ 20]
at testClasses.Calculator_TestClass.TC_02_Division(Calculator_TestClass.java:46)
at java.base/java.util.ArrayList.forEach(ArrayList.java:1511)
... Removed 33 stack frames]]>
    </failure>
  </testcase> <!-- TC_02_Division -->
  <testcase classname="testClasses.Calculator_TestClass" name="TC_03_Addition" time="0.551">
    <failure type="java.lang.AssertionError" message="expected [ 1111110] but found [ 111111]">
      <![CDATA[java.lang.AssertionError: expected [ 1111110] but found [ 111111]
at testClasses.Calculator_TestClass.TC_03_Addition(Calculator_TestClass.java:54)
at java.base/java.util.ArrayList.forEach(ArrayList.java:1511)
... Removed 33 stack frames]]>
    </failure>
  </testcase> <!-- TC_03_Addition -->
  <testcase classname="testClasses.Calculator_TestClass" name="TC_04_Subtraction" time="0.589"/>
</testsuite> <!-- Test -->
