<?xml version="1.0" encoding="UTF-8"?>
<testng-results ignored="0" total="1" passed="1" failed="0" skipped="0">
  <reporter-output>
  </reporter-output>
  <suite started-at="2023-03-03T16:07:37 IST" name="Suite" finished-at="2023-03-03T16:08:58 IST" duration-ms="81328">
    <groups>
    </groups>
    <test started-at="2023-03-03T16:07:37 IST" name="Test" finished-at="2023-03-03T16:08:58 IST" duration-ms="81328">
      <class name="testClasses.Test1">
        <test-method is-config="true" signature="browser()[pri:0, instance:testClasses.Test1@5677323c]" started-at="2023-03-03T16:07:37 IST" name="browser" finished-at="2023-03-03T16:08:37 IST" duration-ms="60014" status="PASS">
          <reporter-output>
          </reporter-output>
        </test-method> <!-- browser -->
        <test-method is-config="true" signature="termL()[pri:0, instance:testClasses.Test1@5677323c]" started-at="2023-03-03T16:08:37 IST" name="termL" finished-at="2023-03-03T16:08:37 IST" duration-ms="18" status="PASS">
          <reporter-output>
          </reporter-output>
        </test-method> <!-- termL -->
        <test-method signature="Tc_01()[pri:0, instance:testClasses.Test1@5677323c]" started-at="2023-03-03T16:08:37 IST" name="Tc_01" finished-at="2023-03-03T16:08:56 IST" duration-ms="18970" status="PASS">
          <reporter-output>
          </reporter-output>
        </test-method> <!-- Tc_01 -->
        <test-method is-config="true" signature="tearMethod()[pri:0, instance:testClasses.Test1@5677323c]" started-at="2023-03-03T16:08:56 IST" name="tearMethod" finished-at="2023-03-03T16:08:58 IST" duration-ms="2102" status="PASS">
          <reporter-output>
          </reporter-output>
        </test-method> <!-- tearMethod -->
      </class> <!-- testClasses.Test1 -->
    </test> <!-- Test -->
  </suite> <!-- Suite -->
</testng-results>
