<?xml version="1.0" encoding="UTF-8"?>
<testng-results ignored="0" total="1" passed="1" failed="0" skipped="0">
  <reporter-output>
  </reporter-output>
  <suite started-at="2023-03-02T13:29:38 IST" name="Suite" finished-at="2023-03-02T13:30:25 IST" duration-ms="47210">
    <groups>
    </groups>
    <test started-at="2023-03-02T13:29:38 IST" name="Test" finished-at="2023-03-02T13:30:25 IST" duration-ms="47210">
      <class name="testClasses.Test1">
        <test-method is-config="true" signature="browser()[pri:0, instance:testClasses.Test1@4686afc2]" started-at="2023-03-02T13:29:38 IST" name="browser" finished-at="2023-03-02T13:30:03 IST" duration-ms="25247" status="PASS">
          <reporter-output>
          </reporter-output>
        </test-method> <!-- browser -->
        <test-method is-config="true" signature="termL()[pri:0, instance:testClasses.Test1@4686afc2]" started-at="2023-03-02T13:30:03 IST" name="termL" finished-at="2023-03-02T13:30:03 IST" duration-ms="11" status="PASS">
          <reporter-output>
          </reporter-output>
        </test-method> <!-- termL -->
        <test-method signature="Tc_01()[pri:0, instance:testClasses.Test1@4686afc2]" started-at="2023-03-02T13:30:03 IST" name="Tc_01" finished-at="2023-03-02T13:30:23 IST" duration-ms="19633" status="PASS">
          <reporter-output>
          </reporter-output>
        </test-method> <!-- Tc_01 -->
        <test-method is-config="true" signature="tearMethod()[pri:0, instance:testClasses.Test1@4686afc2]" started-at="2023-03-02T13:30:23 IST" name="tearMethod" finished-at="2023-03-02T13:30:25 IST" duration-ms="2164" status="PASS">
          <reporter-output>
          </reporter-output>
        </test-method> <!-- tearMethod -->
      </class> <!-- testClasses.Test1 -->
    </test> <!-- Test -->
  </suite> <!-- Suite -->
</testng-results>
