<?xml version="1.0" encoding="UTF-8"?>
<testng-results ignored="0" total="4" passed="3" failed="1" skipped="0">
  <reporter-output>
  </reporter-output>
  <suite started-at="2023-03-17T10:12:44 IST" name="Suite" finished-at="2023-03-17T10:13:06 IST" duration-ms="21720">
    <groups>
    </groups>
    <test started-at="2023-03-17T10:12:44 IST" name="Test" finished-at="2023-03-17T10:13:06 IST" duration-ms="21720">
      <class name="testClasses.Calculator_TestClass">
        <test-method is-config="true" signature="browserLaunch(java.lang.String)[pri:0, instance:testClasses.Calculator_TestClass@3f4faf53]" started-at="2023-03-17T10:12:44 IST" name="browserLaunch" finished-at="2023-03-17T10:12:52 IST" duration-ms="8137" status="PASS">
          <params>
            <param index="0">
              <value>
                <![CDATA[Chrome]]>
              </value>
            </param>
          </params>
          <reporter-output>
          </reporter-output>
        </test-method> <!-- browserLaunch -->
        <test-method signature="TC_01_Multiplication()[pri:0, instance:testClasses.Calculator_TestClass@3f4faf53]" started-at="2023-03-17T10:12:52 IST" name="TC_01_Multiplication" finished-at="2023-03-17T10:12:53 IST" duration-ms="923" status="FAIL">
          <exception class="java.lang.AssertionError">
            <message>
              <![CDATA[expected [ 22207] but found [ 222075]]]>
            </message>
            <full-stacktrace>
              <![CDATA[java.lang.AssertionError: expected [ 22207] but found [ 222075]
at org.testng.Assert.fail(Assert.java:99)
at org.testng.Assert.failNotEquals(Assert.java:1037)
at org.testng.Assert.assertEqualsImpl(Assert.java:140)
at org.testng.Assert.assertEquals(Assert.java:122)
at org.testng.Assert.assertEquals(Assert.java:629)
at org.testng.Assert.assertEquals(Assert.java:639)
at testClasses.Calculator_TestClass.TC_01_Multiplication(Calculator_TestClass.java:38)
at java.base/jdk.internal.reflect.NativeMethodAccessorImpl.invoke0(Native Method)
at java.base/jdk.internal.reflect.NativeMethodAccessorImpl.invoke(NativeMethodAccessorImpl.java:77)
at java.base/jdk.internal.reflect.DelegatingMethodAccessorImpl.invoke(DelegatingMethodAccessorImpl.java:43)
at java.base/java.lang.reflect.Method.invoke(Method.java:568)
at org.testng.internal.MethodInvocationHelper.invokeMethod(MethodInvocationHelper.java:133)
at org.testng.internal.TestInvoker.invokeMethod(TestInvoker.java:598)
at org.testng.internal.TestInvoker.invokeTestMethod(TestInvoker.java:173)
at org.testng.internal.MethodRunner.runInSequence(MethodRunner.java:46)
at org.testng.internal.TestInvoker$MethodInvocationAgent.invoke(TestInvoker.java:824)
at org.testng.internal.TestInvoker.invokeTestMethods(TestInvoker.java:146)
at org.testng.internal.TestMethodWorker.invokeTestMethods(TestMethodWorker.java:146)
at org.testng.internal.TestMethodWorker.run(TestMethodWorker.java:128)
at java.base/java.util.ArrayList.forEach(ArrayList.java:1511)
at org.testng.TestRunner.privateRun(TestRunner.java:794)
at org.testng.TestRunner.run(TestRunner.java:596)
at org.testng.SuiteRunner.runTest(SuiteRunner.java:377)
at org.testng.SuiteRunner.runSequentially(SuiteRunner.java:371)
at org.testng.SuiteRunner.privateRun(SuiteRunner.java:332)
at org.testng.SuiteRunner.run(SuiteRunner.java:276)
at org.testng.SuiteRunnerWorker.runSuite(SuiteRunnerWorker.java:53)
at org.testng.SuiteRunnerWorker.run(SuiteRunnerWorker.java:96)
at org.testng.TestNG.runSuitesSequentially(TestNG.java:1212)
at org.testng.TestNG.runSuitesLocally(TestNG.java:1134)
at org.testng.TestNG.runSuites(TestNG.java:1063)
at org.testng.TestNG.run(TestNG.java:1031)
at org.testng.remote.AbstractRemoteTestNG.run(AbstractRemoteTestNG.java:115)
at org.testng.remote.RemoteTestNG.initAndRun(RemoteTestNG.java:251)
at org.testng.remote.RemoteTestNG.main(RemoteTestNG.java:77)
]]>
            </full-stacktrace>
          </exception> <!-- java.lang.AssertionError -->
          <reporter-output>
          </reporter-output>
        </test-method> <!-- TC_01_Multiplication -->
        <test-method is-config="true" signature="clear(org.testng.ITestResult)[pri:0, instance:testClasses.Calculator_TestClass@3f4faf53]" started-at="2023-03-17T10:12:53 IST" name="clear" finished-at="2023-03-17T10:12:56 IST" duration-ms="2776" status="PASS">
          <params>
            <param index="0">
              <value>
                <![CDATA[[TestResult name=TC_01_Multiplication status=FAILURE method=Calculator_TestClass.TC_01_Multiplication()[pri:0, instance:testClasses.Calculator_TestClass@3f4faf53] output={null}]]]>
              </value>
            </param>
          </params>
          <reporter-output>
          </reporter-output>
        </test-method> <!-- clear -->
        <test-method signature="TC_02_Division()[pri:0, instance:testClasses.Calculator_TestClass@3f4faf53]" started-at="2023-03-17T10:12:56 IST" name="TC_02_Division" finished-at="2023-03-17T10:12:57 IST" duration-ms="957" status="PASS">
          <reporter-output>
          </reporter-output>
        </test-method> <!-- TC_02_Division -->
        <test-method is-config="true" signature="clear(org.testng.ITestResult)[pri:0, instance:testClasses.Calculator_TestClass@3f4faf53]" started-at="2023-03-17T10:12:57 IST" name="clear" finished-at="2023-03-17T10:12:59 IST" duration-ms="2123" status="PASS">
          <params>
            <param index="0">
              <value>
                <![CDATA[[TestResult name=TC_02_Division status=SUCCESS method=Calculator_TestClass.TC_02_Division()[pri:0, instance:testClasses.Calculator_TestClass@3f4faf53] output={null}]]]>
              </value>
            </param>
          </params>
          <reporter-output>
          </reporter-output>
        </test-method> <!-- clear -->
        <test-method signature="TC_03_Addition()[pri:0, instance:testClasses.Calculator_TestClass@3f4faf53]" started-at="2023-03-17T10:12:59 IST" name="TC_03_Addition" finished-at="2023-03-17T10:13:01 IST" duration-ms="1342" status="PASS">
          <reporter-output>
          </reporter-output>
        </test-method> <!-- TC_03_Addition -->
        <test-method is-config="true" signature="clear(org.testng.ITestResult)[pri:0, instance:testClasses.Calculator_TestClass@3f4faf53]" started-at="2023-03-17T10:13:01 IST" name="clear" finished-at="2023-03-17T10:13:03 IST" duration-ms="2049" status="PASS">
          <params>
            <param index="0">
              <value>
                <![CDATA[[TestResult name=TC_03_Addition status=SUCCESS method=Calculator_TestClass.TC_03_Addition()[pri:0, instance:testClasses.Calculator_TestClass@3f4faf53] output={null}]]]>
              </value>
            </param>
          </params>
          <reporter-output>
          </reporter-output>
        </test-method> <!-- clear -->
        <test-method signature="TC_04_Subtraction()[pri:0, instance:testClasses.Calculator_TestClass@3f4faf53]" started-at="2023-03-17T10:13:03 IST" name="TC_04_Subtraction" finished-at="2023-03-17T10:13:04 IST" duration-ms="882" status="PASS">
          <reporter-output>
          </reporter-output>
        </test-method> <!-- TC_04_Subtraction -->
        <test-method is-config="true" signature="clear(org.testng.ITestResult)[pri:0, instance:testClasses.Calculator_TestClass@3f4faf53]" started-at="2023-03-17T10:13:04 IST" name="clear" finished-at="2023-03-17T10:13:06 IST" duration-ms="2121" status="PASS">
          <params>
            <param index="0">
              <value>
                <![CDATA[[TestResult name=TC_04_Subtraction status=SUCCESS method=Calculator_TestClass.TC_04_Subtraction()[pri:0, instance:testClasses.Calculator_TestClass@3f4faf53] output={null}]]]>
              </value>
            </param>
          </params>
          <reporter-output>
          </reporter-output>
        </test-method> <!-- clear -->
        <test-method is-config="true" signature="teardown()[pri:0, instance:testClasses.Calculator_TestClass@3f4faf53]" started-at="2023-03-17T10:13:06 IST" name="teardown" finished-at="2023-03-17T10:13:06 IST" duration-ms="287" status="PASS">
          <reporter-output>
          </reporter-output>
        </test-method> <!-- teardown -->
      </class> <!-- testClasses.Calculator_TestClass -->
    </test> <!-- Test -->
  </suite> <!-- Suite -->
</testng-results>
